        -:    0:Source:C:/Users/wassabi.vl/Desktop/uni/SecurityENgineering/hw4/src/main.adb
        -:    0:Graph:C:\Users\wassabi.vl\Desktop\uni\SecurityENgineering\hw4\obj\\main.gcno
        -:    0:Data:C:\Users\wassabi.vl\Desktop\uni\SecurityENgineering\hw4\obj\\main.gcda
        -:    0:Runs:1
        -:    0:Programs:1
        1:    1:procedure Main is
        -:    2:   pragma SPARK_Mode;
        -:    3:begin
        -:    4:   --  Insert code here.
        -:    5:   null;
        -:    6:end Main;
